<?xml version="1.0" encoding="UTF-8"?>
<!-- Generated by org.testng.reporters.JUnitReportReporter -->
<testsuite hostname="DESKTOP-LR0RAGA" failures="0" tests="1" name="com.testingdemo.project1.Testdemomvn" time="6.447" errors="0" timestamp="2023-10-04T18:33:53 IST" skipped="0">
  <testcase classname="com.testingdemo.project1.Testdemomvn" name="testSelenium" time="6.447"/>
  <system-out/>
</testsuite> <!-- com.testingdemo.project1.Testdemomvn -->
